2021-10-22 08:42:49 [background-preinit] INFO  o.h.validator.internal.util.Version - HV000001: Hibernate Validator 6.2.0.Final
2021-10-22 08:42:49 [main] INFO  i.c.m.ins.config.server.ConfigServer - Starting ConfigServer v1.0 using Java 11.0.12 on a0960e0876a5 with PID 1 (/workspace/BOOT-INF/classes started by cnb in /workspace)
2021-10-22 08:42:49 [main] INFO  i.c.m.ins.config.server.ConfigServer - No active profile set, falling back to default profiles: default
2021-10-22 08:42:51 [main] INFO  o.s.cloud.context.scope.GenericScope - BeanFactory id=f501f3ed-1186-3f12-afe5-a1fc266e8de5
2021-10-22 08:42:52 [main] INFO  o.s.b.w.e.tomcat.TomcatWebServer - Tomcat initialized with port(s): 8888 (http)
2021-10-22 08:42:52 [main] INFO  o.a.coyote.http11.Http11NioProtocol - Initializing ProtocolHandler ["http-nio-8888"]
2021-10-22 08:42:52 [main] INFO  o.a.catalina.core.StandardService - Starting service [Tomcat]
2021-10-22 08:42:52 [main] INFO  o.a.catalina.core.StandardEngine - Starting Servlet engine: [Apache Tomcat/9.0.50]
2021-10-22 08:42:52 [main] INFO  o.a.c.c.C.[Tomcat].[localhost].[/] - Initializing Spring embedded WebApplicationContext
2021-10-22 08:42:52 [main] INFO  o.s.b.w.s.c.ServletWebServerApplicationContext - Root WebApplicationContext: initialization completed in 2624 ms
2021-10-22 08:42:56 [main] INFO  o.s.s.web.DefaultSecurityFilterChain - Will secure Ant [pattern='/actuator/**'] with []
2021-10-22 08:42:56 [main] INFO  o.s.s.web.DefaultSecurityFilterChain - Will secure Ant [pattern='/encrypt/**'] with []
2021-10-22 08:42:56 [main] INFO  o.s.s.web.DefaultSecurityFilterChain - Will secure Ant [pattern='/decrypt/**'] with []
2021-10-22 08:42:56 [main] INFO  o.s.s.web.DefaultSecurityFilterChain - Will secure any request with [org.springframework.security.web.context.request.async.WebAsyncManagerIntegrationFilter@7f77e065, org.springframework.security.web.context.SecurityContextPersistenceFilter@24de63b, org.springframework.security.web.header.HeaderWriterFilter@57a982f9, org.springframework.security.web.csrf.CsrfFilter@57b130f6, org.springframework.security.web.authentication.logout.LogoutFilter@290807e5, org.springframework.security.web.authentication.UsernamePasswordAuthenticationFilter@1d1b3620, org.springframework.security.web.authentication.ui.DefaultLoginPageGeneratingFilter@422ba9b7, org.springframework.security.web.authentication.ui.DefaultLogoutPageGeneratingFilter@6f655dbd, org.springframework.security.web.authentication.www.BasicAuthenticationFilter@5d0e703a, org.springframework.security.web.savedrequest.RequestCacheAwareFilter@50f05307, org.springframework.security.web.servletapi.SecurityContextHolderAwareRequestFilter@3f908bc0, org.springframework.security.web.authentication.AnonymousAuthenticationFilter@546083d6, org.springframework.security.web.session.SessionManagementFilter@1b69fc07, org.springframework.security.web.access.ExceptionTranslationFilter@2f75a9b1, org.springframework.security.web.access.intercept.FilterSecurityInterceptor@145fe8ab]
2021-10-22 08:42:56 [main] INFO  o.s.b.a.e.web.EndpointLinksResolver - Exposing 1 endpoint(s) beneath base path '/actuator'
2021-10-22 08:42:56 [main] INFO  o.a.coyote.http11.Http11NioProtocol - Starting ProtocolHandler ["http-nio-8888"]
2021-10-22 08:42:56 [main] INFO  o.s.b.w.e.tomcat.TomcatWebServer - Tomcat started on port(s): 8888 (http) with context path ''
2021-10-22 08:42:56 [main] INFO  i.c.m.ins.config.server.ConfigServer - Started ConfigServer in 11.215 seconds (JVM running for 18.226)
2021-10-22 08:43:49 [http-nio-8888-exec-2] INFO  o.a.c.c.C.[Tomcat].[localhost].[/] - Initializing Spring DispatcherServlet 'dispatcherServlet'
2021-10-22 08:43:49 [http-nio-8888-exec-2] INFO  o.s.web.servlet.DispatcherServlet - Initializing Servlet 'dispatcherServlet'
2021-10-22 08:43:49 [http-nio-8888-exec-2] INFO  o.s.web.servlet.DispatcherServlet - Completed initialization in 0 ms
2021-10-22 08:44:05 [http-nio-8888-exec-3] INFO  o.s.c.c.s.e.NativeEnvironmentRepository - Adding property source: Config resource 'file [/tmp/config-repo-12928394726219580534/config-client-twitter_to_kafka.yml]' via location 'file:/tmp/config-repo-12928394726219580534/'
2021-10-22 08:44:05 [http-nio-8888-exec-3] INFO  o.s.c.c.s.e.NativeEnvironmentRepository - Adding property source: Config resource 'file [/tmp/config-repo-12928394726219580534/config-client.yml]' via location 'file:/tmp/config-repo-12928394726219580534/'
2021-10-22 08:44:09 [http-nio-8888-exec-4] INFO  o.s.c.c.s.e.NativeEnvironmentRepository - Adding property source: Config resource 'file [/tmp/config-repo-12928394726219580534/config-client.yml]' via location 'file:/tmp/config-repo-12928394726219580534/'
2021-10-22 08:44:20 [http-nio-8888-exec-7] INFO  o.s.c.c.s.e.NativeEnvironmentRepository - Adding property source: Config resource 'file [/tmp/config-repo-12928394726219580534/config-client-kafka_elastic.yml]' via location 'file:/tmp/config-repo-12928394726219580534/'
2021-10-22 08:44:20 [http-nio-8888-exec-7] INFO  o.s.c.c.s.e.NativeEnvironmentRepository - Adding property source: Config resource 'file [/tmp/config-repo-12928394726219580534/config-client.yml]' via location 'file:/tmp/config-repo-12928394726219580534/'
2021-10-22 13:37:27 [background-preinit] INFO  o.h.validator.internal.util.Version - HV000001: Hibernate Validator 6.2.0.Final
2021-10-22 13:37:27 [main] INFO  i.c.m.ins.config.server.ConfigServer - Starting ConfigServer v1.0 using Java 11.0.12 on 4baadf0b141a with PID 1 (/workspace/BOOT-INF/classes started by cnb in /workspace)
2021-10-22 13:37:27 [main] INFO  i.c.m.ins.config.server.ConfigServer - No active profile set, falling back to default profiles: default
2021-10-22 13:37:28 [main] INFO  o.s.cloud.context.scope.GenericScope - BeanFactory id=f501f3ed-1186-3f12-afe5-a1fc266e8de5
2021-10-22 13:37:28 [main] INFO  o.s.b.w.e.tomcat.TomcatWebServer - Tomcat initialized with port(s): 8888 (http)
2021-10-22 13:37:28 [main] INFO  o.a.coyote.http11.Http11NioProtocol - Initializing ProtocolHandler ["http-nio-8888"]
2021-10-22 13:37:28 [main] INFO  o.a.catalina.core.StandardService - Starting service [Tomcat]
2021-10-22 13:37:28 [main] INFO  o.a.catalina.core.StandardEngine - Starting Servlet engine: [Apache Tomcat/9.0.50]
2021-10-22 13:37:28 [main] INFO  o.a.c.c.C.[Tomcat].[localhost].[/] - Initializing Spring embedded WebApplicationContext
2021-10-22 13:37:28 [main] INFO  o.s.b.w.s.c.ServletWebServerApplicationContext - Root WebApplicationContext: initialization completed in 1459 ms
2021-10-22 13:37:31 [main] INFO  o.s.s.web.DefaultSecurityFilterChain - Will secure Ant [pattern='/actuator/**'] with []
2021-10-22 13:37:31 [main] INFO  o.s.s.web.DefaultSecurityFilterChain - Will secure Ant [pattern='/encrypt/**'] with []
2021-10-22 13:37:31 [main] INFO  o.s.s.web.DefaultSecurityFilterChain - Will secure Ant [pattern='/decrypt/**'] with []
2021-10-22 13:37:31 [main] INFO  o.s.s.web.DefaultSecurityFilterChain - Will secure any request with [org.springframework.security.web.context.request.async.WebAsyncManagerIntegrationFilter@3e2772a9, org.springframework.security.web.context.SecurityContextPersistenceFilter@144440f5, org.springframework.security.web.header.HeaderWriterFilter@2b3b1124, org.springframework.security.web.csrf.CsrfFilter@645d4639, org.springframework.security.web.authentication.logout.LogoutFilter@57927bc9, org.springframework.security.web.authentication.UsernamePasswordAuthenticationFilter@6e017950, org.springframework.security.web.authentication.ui.DefaultLoginPageGeneratingFilter@7598d675, org.springframework.security.web.authentication.ui.DefaultLogoutPageGeneratingFilter@4449b273, org.springframework.security.web.authentication.www.BasicAuthenticationFilter@1592e540, org.springframework.security.web.savedrequest.RequestCacheAwareFilter@290807e5, org.springframework.security.web.servletapi.SecurityContextHolderAwareRequestFilter@2833c093, org.springframework.security.web.authentication.AnonymousAuthenticationFilter@1fa18f87, org.springframework.security.web.session.SessionManagementFilter@507f47f9, org.springframework.security.web.access.ExceptionTranslationFilter@71beada8, org.springframework.security.web.access.intercept.FilterSecurityInterceptor@570ed9c]
2021-10-22 13:37:31 [main] INFO  o.s.b.a.e.web.EndpointLinksResolver - Exposing 1 endpoint(s) beneath base path '/actuator'
2021-10-22 13:37:31 [main] INFO  o.a.coyote.http11.Http11NioProtocol - Starting ProtocolHandler ["http-nio-8888"]
2021-10-22 13:37:31 [main] INFO  o.s.b.w.e.tomcat.TomcatWebServer - Tomcat started on port(s): 8888 (http) with context path ''
2021-10-22 13:37:32 [main] INFO  i.c.m.ins.config.server.ConfigServer - Started ConfigServer in 5.655 seconds (JVM running for 6.964)
2021-10-22 13:38:31 [http-nio-8888-exec-1] INFO  o.a.c.c.C.[Tomcat].[localhost].[/] - Initializing Spring DispatcherServlet 'dispatcherServlet'
2021-10-22 13:38:31 [http-nio-8888-exec-1] INFO  o.s.web.servlet.DispatcherServlet - Initializing Servlet 'dispatcherServlet'
2021-10-22 13:38:31 [http-nio-8888-exec-1] INFO  o.s.web.servlet.DispatcherServlet - Completed initialization in 1 ms
2021-10-22 13:38:36 [http-nio-8888-exec-3] INFO  o.s.c.c.s.e.NativeEnvironmentRepository - Adding property source: Config resource 'file [/tmp/config-repo-11311625034366617747/config-client-twitter_to_kafka.yml]' via location 'file:/tmp/config-repo-11311625034366617747/'
2021-10-22 13:38:36 [http-nio-8888-exec-3] INFO  o.s.c.c.s.e.NativeEnvironmentRepository - Adding property source: Config resource 'file [/tmp/config-repo-11311625034366617747/config-client.yml]' via location 'file:/tmp/config-repo-11311625034366617747/'
2021-10-22 13:38:39 [http-nio-8888-exec-4] INFO  o.s.c.c.s.e.NativeEnvironmentRepository - Adding property source: Config resource 'file [/tmp/config-repo-11311625034366617747/config-client-elastic_query.yml]' via location 'file:/tmp/config-repo-11311625034366617747/'
2021-10-22 13:38:39 [http-nio-8888-exec-4] INFO  o.s.c.c.s.e.NativeEnvironmentRepository - Adding property source: Config resource 'file [/tmp/config-repo-11311625034366617747/config-client.yml]' via location 'file:/tmp/config-repo-11311625034366617747/'
2021-10-22 13:38:49 [http-nio-8888-exec-5] INFO  o.s.c.c.s.e.NativeEnvironmentRepository - Adding property source: Config resource 'file [/tmp/config-repo-11311625034366617747/config-client-kafka_elastic.yml]' via location 'file:/tmp/config-repo-11311625034366617747/'
2021-10-22 13:38:49 [http-nio-8888-exec-5] INFO  o.s.c.c.s.e.NativeEnvironmentRepository - Adding property source: Config resource 'file [/tmp/config-repo-11311625034366617747/config-client.yml]' via location 'file:/tmp/config-repo-11311625034366617747/'
2021-10-22 14:12:05 [background-preinit] INFO  o.h.validator.internal.util.Version - HV000001: Hibernate Validator 6.2.0.Final
2021-10-22 14:12:05 [main] INFO  i.c.m.ins.config.server.ConfigServer - Starting ConfigServer v1.0 using Java 11.0.12 on dfd283428341 with PID 1 (/workspace/BOOT-INF/classes started by cnb in /workspace)
2021-10-22 14:12:05 [main] INFO  i.c.m.ins.config.server.ConfigServer - No active profile set, falling back to default profiles: default
2021-10-22 14:12:12 [main] INFO  o.s.cloud.context.scope.GenericScope - BeanFactory id=f501f3ed-1186-3f12-afe5-a1fc266e8de5
2021-10-22 14:12:14 [main] INFO  o.s.b.w.e.tomcat.TomcatWebServer - Tomcat initialized with port(s): 8888 (http)
2021-10-22 14:12:14 [main] INFO  o.a.coyote.http11.Http11NioProtocol - Initializing ProtocolHandler ["http-nio-8888"]
2021-10-22 14:12:14 [main] INFO  o.a.catalina.core.StandardService - Starting service [Tomcat]
2021-10-22 14:12:14 [main] INFO  o.a.catalina.core.StandardEngine - Starting Servlet engine: [Apache Tomcat/9.0.50]
2021-10-22 14:12:14 [main] INFO  o.a.c.c.C.[Tomcat].[localhost].[/] - Initializing Spring embedded WebApplicationContext
2021-10-22 14:12:14 [main] INFO  o.s.b.w.s.c.ServletWebServerApplicationContext - Root WebApplicationContext: initialization completed in 8844 ms
2021-10-22 14:12:25 [main] INFO  o.s.s.web.DefaultSecurityFilterChain - Will secure Ant [pattern='/actuator/**'] with []
2021-10-22 14:12:25 [main] INFO  o.s.s.web.DefaultSecurityFilterChain - Will secure Ant [pattern='/encrypt/**'] with []
2021-10-22 14:12:25 [main] INFO  o.s.s.web.DefaultSecurityFilterChain - Will secure Ant [pattern='/decrypt/**'] with []
2021-10-22 14:12:25 [main] INFO  o.s.s.web.DefaultSecurityFilterChain - Will secure any request with [org.springframework.security.web.context.request.async.WebAsyncManagerIntegrationFilter@ace2408, org.springframework.security.web.context.SecurityContextPersistenceFilter@fd69983, org.springframework.security.web.header.HeaderWriterFilter@340fc1aa, org.springframework.security.web.csrf.CsrfFilter@54286339, org.springframework.security.web.authentication.logout.LogoutFilter@6ffc6ea7, org.springframework.security.web.authentication.UsernamePasswordAuthenticationFilter@573870cb, org.springframework.security.web.authentication.ui.DefaultLoginPageGeneratingFilter@32dbca45, org.springframework.security.web.authentication.ui.DefaultLogoutPageGeneratingFilter@3573e19d, org.springframework.security.web.authentication.www.BasicAuthenticationFilter@5eee3da9, org.springframework.security.web.savedrequest.RequestCacheAwareFilter@126254ec, org.springframework.security.web.servletapi.SecurityContextHolderAwareRequestFilter@323efafe, org.springframework.security.web.authentication.AnonymousAuthenticationFilter@5c1dd18, org.springframework.security.web.session.SessionManagementFilter@98722ef, org.springframework.security.web.access.ExceptionTranslationFilter@7c682e26, org.springframework.security.web.access.intercept.FilterSecurityInterceptor@18ac4af6]
2021-10-22 14:12:26 [main] INFO  o.s.b.a.e.web.EndpointLinksResolver - Exposing 1 endpoint(s) beneath base path '/actuator'
2021-10-22 14:12:26 [main] INFO  o.a.coyote.http11.Http11NioProtocol - Starting ProtocolHandler ["http-nio-8888"]
2021-10-22 14:12:26 [main] INFO  o.s.b.w.e.tomcat.TomcatWebServer - Tomcat started on port(s): 8888 (http) with context path ''
2021-10-22 14:12:27 [main] INFO  i.c.m.ins.config.server.ConfigServer - Started ConfigServer in 23.633 seconds (JVM running for 24.798)
2021-10-22 14:12:53 [http-nio-8888-exec-1] INFO  o.a.c.c.C.[Tomcat].[localhost].[/] - Initializing Spring DispatcherServlet 'dispatcherServlet'
2021-10-22 14:12:53 [http-nio-8888-exec-1] INFO  o.s.web.servlet.DispatcherServlet - Initializing Servlet 'dispatcherServlet'
2021-10-22 14:12:53 [http-nio-8888-exec-1] INFO  o.s.web.servlet.DispatcherServlet - Completed initialization in 1 ms
2021-10-22 14:12:57 [http-nio-8888-exec-3] INFO  o.s.c.c.s.e.NativeEnvironmentRepository - Adding property source: Config resource 'file [/tmp/config-repo-13200497505315166495/config-client-twitter_to_kafka.yml]' via location 'file:/tmp/config-repo-13200497505315166495/'
2021-10-22 14:12:57 [http-nio-8888-exec-3] INFO  o.s.c.c.s.e.NativeEnvironmentRepository - Adding property source: Config resource 'file [/tmp/config-repo-13200497505315166495/config-client.yml]' via location 'file:/tmp/config-repo-13200497505315166495/'
2021-10-22 14:12:58 [http-nio-8888-exec-4] INFO  o.s.c.c.s.e.NativeEnvironmentRepository - Adding property source: Config resource 'file [/tmp/config-repo-13200497505315166495/config-client-elastic_query.yml]' via location 'file:/tmp/config-repo-13200497505315166495/'
2021-10-22 14:12:58 [http-nio-8888-exec-4] INFO  o.s.c.c.s.e.NativeEnvironmentRepository - Adding property source: Config resource 'file [/tmp/config-repo-13200497505315166495/config-client.yml]' via location 'file:/tmp/config-repo-13200497505315166495/'
2021-10-22 14:13:05 [http-nio-8888-exec-5] INFO  o.s.c.c.s.e.NativeEnvironmentRepository - Adding property source: Config resource 'file [/tmp/config-repo-13200497505315166495/config-client-kafka_elastic.yml]' via location 'file:/tmp/config-repo-13200497505315166495/'
2021-10-22 14:13:05 [http-nio-8888-exec-5] INFO  o.s.c.c.s.e.NativeEnvironmentRepository - Adding property source: Config resource 'file [/tmp/config-repo-13200497505315166495/config-client.yml]' via location 'file:/tmp/config-repo-13200497505315166495/'
